C51 COMPILER V9.56.0.0   CLOCK                                                             07/25/2017 10:20:08 PAGE 1   


C51 COMPILER V9.56.0.0, COMPILATION OF MODULE CLOCK
OBJECT MODULE PLACED IN clock.OBJ
COMPILER INVOKED BY: F:\keil51\C51\BIN\C51.EXE clock.c OPTIMIZE(9,SIZE) BROWSE DEBUG OBJECTEXTEND TABS(2)

line level    source

   1                /***************************************************************************************
   2           *  FileName          : clock.c
   3           *  CopyRight         :
   4           *  ModuleName        :
   5           *
   6           *  CPU             :
   7           *  RTOS            :
   8           *
   9           *  Create Data         : 2017.7.22
  10           *  Author/Corportation     : yezhihuo
  11           *
  12           *  Abstract Description    : 
  13           *
  14           *--------------------------------Revision History--------------------------------------
  15           *  No  version   Data      Revised By      Item      Description
  16           *
  17           *
  18           ***************************************************************************************/
  19          
  20          
  21          /**************************************************************
  22          * Debug switch Section 
  23          **************************************************************/
  24          
  25          
  26          /**************************************************************
  27          * Include File Section
  28          **************************************************************/
  29          #include"clock.h"
  30          /**************************************************************
  31          * Macro Define Section  
  32          **************************************************************/
  33          
  34          
  35          /**************************************************************
  36          * Struct Define Section
  37          **************************************************************/
  38          
  39          
  40          /**************************************************************
  41          * Prototype Declare Section  
  42          **************************************************************/
  43          
  44          
  45          /**************************************************************
  46          * Global Variable Declare Section
  47          **************************************************************/
  48          uchar clockTag, sb;                     //每增加20次记录1s
  49          clockTime time, timeclock;
  50          /**************************************************************
  51          * Function Define Section
  52          **************************************************************/
  53          
  54          /**
  55          *  @name: void timeFun() 
C51 COMPILER V9.56.0.0   CLOCK                                                             07/25/2017 10:20:08 PAGE 2   

  56          * @description: 中断服务特殊功能寄存器配置（定时器0初始化）
  57           *  @param    :none
  58           *  @return   : none
  59           *  @notice : 12MHZ
  60           */
  61          void initTimer()
  62          {
  63   1        TMOD=0x01;      //模式1
  64   1        TH0 = (65536 - 45874) / 256;
  65   1        TL0 = (65536 - 45874) % 256;   //0.05s
  66   1        ET0=1;     //开定时器
  67   1        TR0=1;     //开定时器中断
  68   1        EA=1;    //开总中断
  69   1      }
  70          
  71          /**
  72          *  @name: void timeFun() 
  73          * @description: 时钟计时
  74           *  @param    :none
  75           *  @return   : none
  76           *  @notice : 使用定时器0，程序运行期间始终运行
  77           */
  78          void timeFun() interrupt 1
  79          {
  80   1        TH0 = (65536 - 45870) / 256;
  81   1        TL0 = (65536 - 45870) % 256;   //0.05s
  82   1        if(sb >= 20 )             //20次为1s
  83   1        {
  84   2          sb = 0;
  85   2          if( time.second < 59 )         //60秒
  86   2          {
  87   3            time.second++;
  88   3          }
  89   2          else
  90   2          {
  91   3            time.second = 0;                    
  92   3            if( time.minute <59 )     //60分钟
  93   3            {
  94   4              time.minute++;
  95   4            }
  96   3            else
  97   3            {
  98   4              time.minute = 0;
  99   4              if( time.hour <23 )           ///1小时
 100   4              {
 101   5                                                                                                                   
             -                                                                                                                        
             -                                                                                                                        
             -                                                                                                        time.hour++;
 102   5              }
 103   4              else
 104   4              {
 105   5                time.hour = 0;
 106   5              }
 107   4            }
 108   3            if( clockTag == 1 )
 109   3            {
 110   4               if(time.hour == timeclock.hour && time.minute == timeclock.minute)
 111   4               {
 112   5                 led = 1;
*** ERROR C202 IN LINE 112 OF clock.c: 'led': undefined identifier
 113   5               }
C51 COMPILER V9.56.0.0   CLOCK                                                             07/25/2017 10:20:08 PAGE 3   

 114   4             }
 115   3          }      
 116   2        }
 117   1        else
 118   1        {
 119   2         sb++;
 120   2        }
 121   1      }

C51 COMPILATION COMPLETE.  0 WARNING(S),  1 ERROR(S)
