C51 COMPILER V9.56.0.0   GY521                                                             07/24/2017 14:13:02 PAGE 1   


C51 COMPILER V9.56.0.0, COMPILATION OF MODULE GY521
OBJECT MODULE PLACED IN gy521.OBJ
COMPILER INVOKED BY: F:\keil51\C51\BIN\C51.EXE gy521.c OPTIMIZE(9,SIZE) BROWSE DEBUG OBJECTEXTEND TABS(2)

line level    source

   1          /***************************************************************************************
   2           *  FileName          : gy521.c
   3           *  CopyRight         : 
   4           *  ModuleName          :  
   5           *
   6           *  CPU             :
   7           *  RTOS            :
   8           *
   9           *  Create Data         : 
  10           *  Author/Corportation     :  yezhihuo
  11           *
  12           *  Abstract Description    : 三轴传感器
  13           *
  14           *--------------------------------Revision History--------------------------------------
  15           *  No  version   Data      Revised By      Item      Description
  16           *  
  17           *
  18           ***************************************************************************************/
  19          
  20          
  21          /**************************************************************
  22          * Debug switch Section
  23          **************************************************************/
  24          
  25          
  26          /**************************************************************
  27          * Include File Section
  28          **************************************************************/
  29          #include"gy521.h"
  30          #include"i2c.h"
  31          /**************************************************************
  32          * Macro Define Section
  33          **************************************************************/
  34          
  35          /**************************************************************
  36          * Struct Define Section
  37          **************************************************************/
  38          
  39          
  40          /**************************************************************
  41          * Prototype Declare Section
  42          **************************************************************/
  43          
  44          
  45          /**************************************************************
  46          * Global Variable Declare Section
  47          **************************************************************/
  48          
  49          /**************************************************************
  50          * File Static Variable Define Section
  51          **************************************************************/
  52          
  53          /**************************************************************
  54          * Function Define Section
  55          **************************************************************/
C51 COMPILER V9.56.0.0   GY521                                                             07/24/2017 14:13:02 PAGE 2   

  56          /**
  57           *  @name:void initMPU()
  58           *  @description : 初始化MPU6050
  59           *  @param      ：none
  60           *  @return   ： none
  61           *  @notice   ： none
  62           */
  63          void initMPU()
  64          {
  65   1        initI2C();                    //初始化I2C
  66   1        writeAdd(PWR_MGMT_1, 0X00);     //唤醒设备
  67   1        writeAdd(SMP_DIV, 0X07);        //设置采样率，125HZ
  68   1        writeAdd(CONFIG, 0x06);           //低通滤波频率，5HZ
  69   1        writeAdd(GYO_CONF, 0x18);        //陀螺仪自检及测量范围，不自检，2000deg/S
  70   1        writeAdd(ACC_CONF, 0X01);           //加速计自检、测量范围及高通滤波频率，不自检，2G,5HZ
  71   1      }
  72          
  73          /**
  74           *  @name:int GetData(uchar REG_Address)
  75           *  @description : 获得指定数据
  76           *  @param      ：reg_Address 指定地址
  77           *  @return   ： 获得数据
  78           *  @notice   ： none
  79           */
  80          int GetData(uchar REG_Address)
  81          {
  82   1        char H,L;
  83   1        int temp;
  84   1        H=readAdd(REG_Address);    //获得高位数据
  85   1        L=readAdd(REG_Address+1);     //获得地位数据
  86   1        temp = (H<<8)+L;            //获得数据
  87   1        return temp / 64;             //转化为十位数
  88   1      }
  89          
  90          
  91          
  92            
  93          
  94          /**
  95          *  @name  :void judge()
  96          * @description : 判断晃动符合要求
  97          * @param  : none
  98          * @return :1 确认为震动， 0 不是震动
  99          *  @notice : none
 100           */
 101          uchar  judge()
 102          {
 103   1        int acc[2][3],gyr[2][3];
 104   1        uchar i, j;
 105   1        if( GetData(ACC_Y_H) == 0 && GetData(ACC_Z_H) &&  GetData(GYRO_X_H) )
 106   1        {
 107   2             if(  GetData(GYRO_Y_H) &&  GetData(GYRO_Z_H) ) 
 108   2             {
 109   3                          initMPU();  //判断线路出现问题，重新初始化MPU6050
 110   3             }      
 111   2        } 
 112   1        acc[0][0] = GetData(ACC_X_H);
 113   1        acc[0][1] = GetData(ACC_Y_H);
 114   1        acc[0][2] = GetData(ACC_Z_H);
 115   1        gyr[0][0] = GetData(GYRO_X_H);
 116   1        gyr[0][1] = GetData(GYRO_Y_H);
 117   1        gyr[0][2] = GetData(GYRO_Z_H);
C51 COMPILER V9.56.0.0   GY521                                                             07/24/2017 14:13:02 PAGE 3   

 118   1        for( j = 0; j < 3; j++ )          //重复测3次查看是否确定为移动
 119   1        {
 120   2            acc[1][0] = acc[0][0];
 121   2            acc[1][1] = acc[0][1];
 122   2            acc[1][2] = acc[0][2];
 123   2            gyr[1][0] = gyr[0][0];
 124   2            gyr[1][1] = gyr[0][1];
 125   2            gyr[1][2] = gyr[0][2];      
 126   2            acc[0][0] = GetData(ACC_X_H);
 127   2            acc[0][1] = GetData(ACC_Y_H);
 128   2            acc[0][2] = GetData(ACC_Z_H);
 129   2            gyr[0][0] = GetData(GYRO_X_H);
 130   2            gyr[0][1] = GetData(GYRO_Y_H);
 131   2            gyr[0][2] = GetData(GYRO_Z_H);
 132   2            for( i = 0; i < 3; i++ )
 133   2            {
 134   3              if( acc[0][i] - acc[1][i] > 100 || acc[1][i] - acc[0][i] > 100 )         //比较前后两次角度
 135   3              {
 136   4                break;
 137   4              }
 138   3            }
 139   2            }
 140   1            if( i == 3 )
 141   1            {
 142   2              return 0;                  //判定为不是移动
 143   2            } 
 144   1            else
 145   1            {
 146   2              return 1;
 147   2            }
 148   1      }
 149          
 150          
 151          /**************************************************************
 152          * Function Define Section
 153          **************************************************************/
 154          
 155          
 156              


MODULE INFORMATION:   STATIC OVERLAYABLE
   CODE SIZE        =    320    ----
   CONSTANT SIZE    =   ----    ----
   XDATA SIZE       =   ----    ----
   PDATA SIZE       =   ----    ----
   DATA SIZE        =   ----      28
   IDATA SIZE       =   ----    ----
   BIT SIZE         =   ----    ----
END OF MODULE INFORMATION.


C51 COMPILATION COMPLETE.  0 WARNING(S),  0 ERROR(S)
