C51 COMPILER V9.56.0.0   I2C                                                               07/25/2017 10:20:08 PAGE 1   


C51 COMPILER V9.56.0.0, COMPILATION OF MODULE I2C
OBJECT MODULE PLACED IN i2c.OBJ
COMPILER INVOKED BY: F:\keil51\C51\BIN\C51.EXE i2c.c OPTIMIZE(9,SIZE) BROWSE DEBUG OBJECTEXTEND TABS(2)

line level    source

   1          /***************************************************************************************
   2           *  FileName          : main.c
   3           *  CopyRight         :
   4           *  ModuleName        :
   5           *
   6           *  CPU             :
   7           *  RTOS            :
   8           *
   9           *  Create Data         : 2017.47.10
  10           *  Author/Corportation     : yezhihuo
  11           *
  12           *  Abstract Description    : 
  13           *
  14           *--------------------------------Revision History--------------------------------------
  15           *  No  version   Data      Revised By      Item      Description
  16           *
  17           *
  18           ***************************************************************************************/
  19          
  20          
  21          /**************************************************************
  22          * Debug switch Section 
  23          **************************************************************/
  24          
  25          
  26          /**************************************************************
  27          * Include File Section
  28          **************************************************************/
  29          #include"i2c.h"
  30          
  31          /**************************************************************
  32          * Macro Define Section  
  33          **************************************************************/
  34          
  35          
  36          /**************************************************************
  37          * Struct Define Section
  38          **************************************************************/
  39          
  40          
  41          /**************************************************************
  42          * Prototype Declare Section  ????
  43          **************************************************************/
  44          
  45          
  46          /**************************************************************
  47          * Global Variable Declare Section????
  48          **************************************************************/
  49          sbit sda = P2^0;
  50          sbit scl = P2^1;
  51          #define I2CAddr    0xd0    //设备地址
  52          /**************************************************************
  53          * Function Define Section??????
  54          **************************************************************/
  55          
C51 COMPILER V9.56.0.0   I2C                                                               07/25/2017 10:20:08 PAGE 2   

  56          
  57          /*  @name :void delay5us(uchar i)
  58          * @description: 延时 5us
  59          * @param : uchar i
  60          * @return   :none
  61          *  @notice : none
  62           */
  63          void Delay5us()
  64          {
  65   1        _nop_();_nop_();_nop_();_nop_();
  66   1        _nop_();_nop_();_nop_();_nop_();
  67   1        _nop_();_nop_();_nop_();_nop_();
  68   1        _nop_();_nop_();_nop_();_nop_();
  69   1        _nop_();_nop_();_nop_();_nop_();
  70   1        _nop_();_nop_();_nop_();_nop_();
  71   1      }
  72          
  73            
  74          
  75          /*  @name        : void start()
  76           *  @description : 开始信号
  77           *  @param     : none
  78           *  @return    : none
  79           *  @notice      : None
  80           */
  81          void start()
  82          {
  83   1        sda = 1;
  84   1        Delay5us();
  85   1        scl = 1;
  86   1        Delay5us();
  87   1        sda = 0;
  88   1        Delay5us();
  89   1      }
  90          
  91          /*  @name        : void stop()
  92           *  @description : 停止信号
  93           *  @param     : none
  94           *  @return    : none
  95           *  @notice      : None
  96           */
  97          void stop()
  98          {
  99   1        sda = 0;
 100   1        Delay5us();
 101   1        scl = 1;
 102   1        Delay5us();
 103   1        sda = 1;
 104   1        Delay5us();
 105   1      }
 106          
 107          /*  @name        : void respons()
 108           *  @description : 应答信号
 109           *  @param     : none
 110           *  @return    : none
 111           *  @notice      : None
 112           */
 113          void respons()
 114          {
 115   1        uchar i = 0;
 116   1        scl = 1;
 117   1        Delay5us();
C51 COMPILER V9.56.0.0   I2C                                                               07/25/2017 10:20:08 PAGE 3   

 118   1        while( (sda == 1) && (i < 250) )       //若一段时间内未接受到应答则默认已接收
 119   1        {
 120   2          i++;
 121   2        }
 122   1        scl = 0;
 123   1        Delay5us();
 124   1      }
 125          
 126          /*  @name        : void init()
 127           *  @description : 总线初始化
 128           *  @param     : none
 129           *  @return    : none
 130           *  @notice      : None
 131           */
 132          void initI2C()
 133          {
 134   1        sda = 1;
 135   1        Delay5us();
 136   1        scl = 1;
 137   1        Delay5us();
 138   1      }
 139          
 140          /*  @name        : void writeByte(uchar date)
 141           *  @description : 写一个字节
 142           *  @param     : date 要写入的字节
 143           *  @return    : none
 144           *  @notice      : None
 145           */
 146          void writeByte(uchar date)
 147          {
 148   1        uchar i,temp;
 149   1        temp = date;
 150   1        for( i = 0; i < 8; i++ )
 151   1        {
 152   2          temp <<= 1;                //temp左移一位，将最高位移入PSW寄存器的CY位
 153   2          scl = 0;
 154   2          Delay5us();
 155   2          sda = CY;        // 将CY位发送出去
 156   2          Delay5us();
 157   2          scl = 1;
 158   2          Delay5us();
 159   2        }
 160   1        scl = 0;
 161   1        Delay5us();
 162   1        sda = 1;
 163   1        Delay5us();
 164   1      }
 165          
 166          /*  @name        : uchar readByte()
 167           *  @description : 读取一个字节
 168           *  @param     : none
 169           *  @return    : 读取的字节
 170           *  @notice      : None
 171           */
 172          uchar readByte()
 173          {
 174   1        uchar i,k = 0;
 175   1        scl = 0;
 176   1        Delay5us();
 177   1        sda = 1;
 178   1        Delay5us();
 179   1        for( i = 0; i < 8; i++ )
C51 COMPILER V9.56.0.0   I2C                                                               07/25/2017 10:20:08 PAGE 4   

 180   1        {
 181   2          scl = 1;
 182   2          Delay5us();
 183   2          k = (k <<1) | sda;
 184   2          scl = 0;
 185   2          Delay5us();
 186   2        }
 187   1        return k;
 188   1      }
 189          
 190          /*  @name        : void writeAdd(uchar adress, uchar date)
 191           *  @description : 向从机发送数据
 192           *  @param     : address 从机
 193           *  @return    : none
 194           *  @notice      : None
 195           */
 196          void writeAdd(uchar address, uchar date)
 197          {
 198   1        start();
 199   1        writeByte(I2CAddr);
 200   1        respons();
 201   1        writeByte(address);
 202   1        respons();
 203   1        writeByte(date);
 204   1        respons();
 205   1        stop();
 206   1      }
 207          
 208          /*  @name        : uchar readAdd()
 209           *  @description :
 210           *  @param     : none
 211           *  @return    : none
 212           *  @notice      : None
 213           */
 214          uchar readAdd(uchar address)
 215          {
 216   1        uchar date;
 217   1        start();
 218   1        writeByte(I2CAddr);
 219   1        respons();
 220   1        writeByte(address);
 221   1        respons();
 222   1        start();
 223   1        writeByte(I2CAddr + 1);
 224   1        respons();
 225   1        date = readByte();
 226   1        stop();
 227   1        return date;
 228   1      }
 229          
 230          
 231          
 232          
 233          
 234          
 235          
 236          


MODULE INFORMATION:   STATIC OVERLAYABLE
   CODE SIZE        =    209    ----
   CONSTANT SIZE    =   ----    ----
C51 COMPILER V9.56.0.0   I2C                                                               07/25/2017 10:20:08 PAGE 5   

   XDATA SIZE       =   ----    ----
   PDATA SIZE       =   ----    ----
   DATA SIZE        =   ----    ----
   IDATA SIZE       =   ----    ----
   BIT SIZE         =   ----    ----
END OF MODULE INFORMATION.


C51 COMPILATION COMPLETE.  0 WARNING(S),  0 ERROR(S)
