C51 COMPILER V9.56.0.0   PWM                                                               07/24/2017 20:10:09 PAGE 1   


C51 COMPILER V9.56.0.0, COMPILATION OF MODULE PWM
OBJECT MODULE PLACED IN pwm.OBJ
COMPILER INVOKED BY: F:\keil51\C51\BIN\C51.EXE pwm.c OPTIMIZE(9,SIZE) BROWSE DEBUG OBJECTEXTEND TABS(2)

line level    source

   1          /***************************************************************************************
   2           *  FileName          : pwm.c
   3           *  CopyRight         : 
   4           *  ModuleName          :  
   5           *
   6           *  CPU             :
   7           *  RTOS            :
   8           *
   9           *  Create Data         : 
  10           *  Author/Corportation     :  yezhihuo
  11           *
  12           *  Abstract Description    : 1602???
  13           *
  14           *--------------------------------Revision History--------------------------------------
  15           *  No  version   Data      Revised By      Item      Description
  16           *  
  17           *
  18           ***************************************************************************************/
  19          
  20          
  21          /**************************************************************
  22          * Debug switch Section
  23          **************************************************************/
  24          
  25          
  26          /**************************************************************
  27          * Include File Section
  28          **************************************************************/
  29          #include"pwm.h"
  30          
  31          /**************************************************************
  32          * Macro Define Section
  33          **************************************************************/
  34          sbit PWM = P2^3;
  35          #define PWM_MODE  10       //设置占空比模式
  36          
  37          uchar pwmCount, pwmPeriod;          //占空比计数器，占空比标数
  38          uint num;
  39          /**************************************************************
  40          * Struct Define Section
  41          **************************************************************/
  42          
  43          
  44          /**************************************************************
  45          * Prototype Declare Section
  46          **************************************************************/
  47          
  48          
  49          /**************************************************************
  50          * Global Variable Declare Section
  51          **************************************************************/
  52          
  53          
  54          /**************************************************************
  55          * File Static Variable Define Section
C51 COMPILER V9.56.0.0   PWM                                                               07/24/2017 20:10:09 PAGE 2   

  56          **************************************************************/
  57          
  58          /**************************************************************
  59          * Function Define Section
  60          **************************************************************/
  61          /**
  62          *  @name:void pwmInit();
  63          * @description: 初始化pwm，开启震动
  64           *  @param    :none
  65           *  @return   : none
  66           *  @notice : 使用定时器1
  67           */
  68          void pwmInit()
  69          {
  70   1        //EA = 1;
  71   1        TMOD = 0x20; // 开定时器1模式2
  72   1        TL1 = 0x6c; // 
  73   1        TH1 = 0x6c;
  74   1        ET1 = 1;
  75   1        TR1 = 1;
  76   1        pwmCount = 0;
  77   1        pwmPeriod = PWM_MODE;
  78   1      }
  79          
  80          /**
  81          *  @name:void pwmInit();
  82          * @description: 初始化pwm，开启震动
  83           *  @param    :none
  84           *  @return   : none
  85           *  @notice : 使用定时器1
  86           */
  87          void pwm() interrupt 3
  88          {
  89   1        pwmCount++;
  90   1        num++;
  91   1        if( num > 60000 )
  92   1        {
  93   2          num = 0;
  94   2        }
  95   1        if( pwmCount == 100 )         //从新计数
  96   1        {
  97   2          pwmCount = 0;
  98   2        }
  99   1        if( pwmCount < pwmPeriod )    //控制输出
 100   1        {
 101   2          PWM = 1;
 102   2        }
 103   1        else
 104   1        {
 105   2          PWM = 0;
 106   2        }
 107   1      }


MODULE INFORMATION:   STATIC OVERLAYABLE
   CODE SIZE        =    131    ----
   CONSTANT SIZE    =   ----    ----
   XDATA SIZE       =   ----    ----
   PDATA SIZE       =   ----    ----
   DATA SIZE        =      4    ----
   IDATA SIZE       =   ----    ----
   BIT SIZE         =   ----    ----
C51 COMPILER V9.56.0.0   PWM                                                               07/24/2017 20:10:09 PAGE 3   

END OF MODULE INFORMATION.


C51 COMPILATION COMPLETE.  0 WARNING(S),  0 ERROR(S)
